2022-01-31T04:27:56.572Z-[INFO   ]-server is up on port3000
2022-01-31T04:30:37.546Z - [INFO   ] - server is up on port3000
2022-01-31T04:34:57.292Z - [INFO   ] - server is up on port3000
2022-01-31T04:34:57.345Z - [INFO   ] - You are now connected...
2022-01-31T04:37:46.251Z - [INFO   ] - server is up on port3000
2022-01-31T04:37:46.303Z - [INFO   ] - You are now connected...
2022-01-31T04:40:51.951Z - [INFO   ] - server is up on port3000
2022-01-31T04:40:52.010Z - [INFO   ] - You are now connected...
2022-01-31T04:40:56.342Z - [ERROR  ] - Incorrect integer value: 'undefined' for column 'quantity' at row 1
2022-01-31T04:41:40.234Z - [INFO   ] - server is up on port3000
2022-01-31T04:41:40.286Z - [INFO   ] - You are now connected...
2022-01-31T04:44:20.094Z - [INFO   ] - server is up on port3000
2022-01-31T04:44:20.152Z - [INFO   ] - You are now connected...
2022-01-31T04:44:38.074Z - [INFO   ] - server is up on port3000
2022-01-31T04:45:19.864Z - [INFO   ] - server is up on port3000
2022-01-31T04:45:19.939Z - [ERROR  ] - Access denied for user 'root'@'localhost' (using password: YES)
2022-01-31T04:45:38.274Z - [INFO   ] - server is up on port3000
2022-01-31T04:45:38.331Z - [INFO   ] - You are now connected...
2022-01-31T04:46:40.761Z - [INFO   ] - server is up on port3000
2022-01-31T04:46:40.817Z - [INFO   ] - You are now connected...
2022-01-31T04:46:49.124Z - [ERROR  ] - Unknown column 'inventory_nam' in 'field list'
2022-01-31T04:47:28.018Z - [INFO   ] - server is up on port3000
2022-01-31T04:47:28.075Z - [INFO   ] - You are now connected...
2022-01-31T04:47:44.004Z - [ERROR  ] - [object Object]
2022-01-31T04:48:50.449Z - [INFO   ] - server is up on port3000
2022-01-31T04:48:50.520Z - [INFO   ] - You are now connected...
2022-01-31T04:48:58.966Z - [ERROR  ] - Invalid updates!
2022-01-31T04:53:34.448Z - [INFO   ] - server is up on port3000
2022-01-31T04:53:34.501Z - [INFO   ] - You are now connected...
2022-01-31T05:01:09.471Z - [INFO   ] - server is up on port3000
2022-01-31T05:01:09.580Z - [INFO   ] - You are now connected...
2022-01-31T05:01:13.154Z - [ERROR  ] - Truncated incorrect DOUBLE value: 'name'
2022-01-31T05:01:37.428Z - [INFO   ] - server is up on port3000
2022-01-31T05:01:37.477Z - [INFO   ] - You are now connected...
2022-01-31T05:01:39.861Z - [ERROR  ] - Truncated incorrect DOUBLE value: 'name'
2022-01-31T05:02:26.078Z - [INFO   ] - server is up on port3000
2022-01-31T05:02:26.138Z - [INFO   ] - You are now connected...
2022-01-31T05:02:29.478Z - [ERROR  ] - Truncated incorrect DOUBLE value: 'name'
2022-01-31T05:03:37.936Z - [INFO   ] - server is up on port3000
2022-01-31T05:03:37.991Z - [INFO   ] - You are now connected...
2022-01-31T05:06:20.729Z - [INFO   ] - server is up on port3000
2022-01-31T05:06:20.791Z - [INFO   ] - You are now connected...
2022-01-31T05:06:54.488Z - [INFO   ] - server is up on port3000
2022-01-31T05:06:54.586Z - [INFO   ] - You are now connected...
